f:\darken\darken\x64\debug\object.obj
f:\darken\darken\x64\debug\material.obj
f:\darken\darken\x64\debug\scenemanager.obj
f:\darken\darken\x64\debug\surroundbox.obj
f:\darken\darken\x64\debug\systemtextures.obj
f:\darken\darken\x64\debug\quaternion.obj
f:\darken\darken\x64\debug\light.obj
f:\darken\darken\x64\debug\materialinstance.obj
f:\darken\darken\x64\debug\buffermanager.obj
f:\darken\darken\x64\debug\deferrenderpipeline.obj
f:\darken\darken\x64\debug\transform.obj
f:\darken\darken\x64\debug\reflectioncapture.obj
f:\darken\darken\x64\debug\camera.obj
f:\darken\darken\x64\debug\rectbufferobject.obj
f:\darken\darken\x64\debug\texture.obj
f:\darken\darken\x64\debug\animation.obj
f:\darken\darken\x64\debug\model.obj
f:\darken\darken\generatedfiles\ui_darkenui.h
f:\darken\darken\generatedfiles\debug\moc_darkenui.cpp
f:\darken\darken\.\generatedfiles\debug\moc_darkenui.cpp
f:\darken\darken\.\generatedfiles\ui_darkenui.h
f:\darken\darken\x64\debug\vc142.idb
f:\darken\darken\x64\debug\vc142.pdb
f:\darken\darken\x64\debug\darken.tlog\cl.10636.write.1.tlog
f:\darken\darken\x64\debug\darken.tlog\cl.command.1.tlog
f:\darken\darken\x64\debug\darken.tlog\cl.read.1.tlog
f:\darken\darken\x64\debug\darken.tlog\darken.write.1u.tlog
f:\darken\darken\x64\debug\darken.tlog\moc.read.1u.tlog
f:\darken\darken\x64\debug\darken.tlog\moc.write.1u.tlog
f:\darken\darken\x64\debug\darken.tlog\uic.read.1u.tlog
f:\darken\darken\x64\debug\darken.tlog\uic.write.1u.tlog
